<?xml version="1.0" encoding="UTF-8"?>
<!-- Generated by org.testng.reporters.JUnitXMLReporter -->
<testsuite hostname="CRespiraul01" ignored="0" tests="10" failures="0" timestamp="2021-08-20T08:27:21 CST" time="25.141" errors="0">
  <testcase name="testCreateComment" time="0.224" classname="CommentsTests"/>
  <testcase name="testCreateCommentOnInvalidPost" time="0.232" classname="CommentsTests"/>
  <testcase name="testDeleteComment" time="0.804" classname="CommentsTests"/>
  <testcase name="testDeleteInvalidComment" time="0.217" classname="CommentsTests"/>
  <testcase name="testGetACommentUsingInvalidId" time="0.213" classname="CommentsTests"/>
  <testcase name="testGetACommentbyId" time="1.106" classname="CommentsTests"/>
  <testcase name="testGetAllComments" time="1.097" classname="CommentsTests"/>
  <testcase name="testGetAllCommentsUsingInvalidPost" time="0.211" classname="CommentsTests"/>
  <testcase name="testUpdateCommentById" time="1.233" classname="CommentsTests"/>
  <testcase name="testUpdateInvalidComment" time="1.09" classname="CommentsTests"/>
</testsuite>
