<?xml version="1.0" encoding="UTF-8"?>
<!-- Generated by org.testng.reporters.JUnitXMLReporter -->
<testsuite hostname="CRespiraul01" ignored="0" tests="10" failures="0" timestamp="2021-08-02T22:12:13 CST" time="16.282" errors="0">
  <testcase name="testCreateComment" time="0.232" classname="CommentsTests"/>
  <testcase name="testCreateCommentOnInvalidPost" time="0.253" classname="CommentsTests"/>
  <testcase name="testDeleteComment" time="0.763" classname="CommentsTests"/>
  <testcase name="testDeleteInvalidComment" time="0.216" classname="CommentsTests"/>
  <testcase name="testGetACommentUsingInvalidId" time="0.284" classname="CommentsTests"/>
  <testcase name="testGetACommentbyId" time="1.217" classname="CommentsTests"/>
  <testcase name="testGetAllComments" time="1.184" classname="CommentsTests"/>
  <testcase name="testGetAllCommentsUsingInvalidPost" time="0.243" classname="CommentsTests"/>
  <testcase name="testUpdateCommentById" time="1.215" classname="CommentsTests"/>
  <testcase name="testUpdateInvalidComment" time="1.15" classname="CommentsTests"/>
</testsuite>
