<?xml version="1.0" encoding="UTF-8"?>
<!-- Generated by org.testng.reporters.JUnitXMLReporter -->
<testsuite hostname="CRespiraul01" ignored="0" tests="10" failures="0" timestamp="2021-08-02T22:11:57 CST" time="16.156" errors="0">
  <testcase name="testCreatePost" time="0.343" classname="PostsTests"/>
  <testcase name="testCreatePostInvalidTitle" time="0.209" classname="PostsTests"/>
  <testcase name="testDeleteInvalidPost" time="0.27" classname="PostsTests"/>
  <testcase name="testDeletePost" time="0.249" classname="PostsTests"/>
  <testcase name="testGetAPost" time="0.29" classname="PostsTests"/>
  <testcase name="testGetAllPosts" time="0.508" classname="PostsTests"/>
  <testcase name="testGetAllPostsUsingInvalidLogin" time="0.218" classname="PostsTests"/>
  <testcase name="testGetAnInvalidPost" time="0.268" classname="PostsTests"/>
  <testcase name="testUpdateInvalidPost" time="0.236" classname="PostsTests"/>
  <testcase name="testUpdatePost" time="0.267" classname="PostsTests"/>
</testsuite>
