<?xml version="1.0" encoding="UTF-8"?>
<!-- Generated by org.testng.reporters.JUnitXMLReporter -->
<testsuite hostname="CRespiraul01" ignored="0" tests="10" failures="0" timestamp="2021-08-20T08:26:56 CST" time="25.175" errors="0">
  <testcase name="testCreatePost" time="0.362" classname="PostsTests"/>
  <testcase name="testCreatePostInvalidTitle" time="0.203" classname="PostsTests"/>
  <testcase name="testDeleteInvalidPost" time="0.218" classname="PostsTests"/>
  <testcase name="testDeletePost" time="0.213" classname="PostsTests"/>
  <testcase name="testGetAPost" time="0.235" classname="PostsTests"/>
  <testcase name="testGetAllPosts" time="0.706" classname="PostsTests"/>
  <testcase name="testGetAllPostsUsingInvalidLogin" time="0.209" classname="PostsTests"/>
  <testcase name="testGetAnInvalidPost" time="0.216" classname="PostsTests"/>
  <testcase name="testUpdateInvalidPost" time="0.226" classname="PostsTests"/>
  <testcase name="testUpdatePost" time="0.342" classname="PostsTests"/>
</testsuite>
