<?xml version="1.0" encoding="UTF-8"?>
<testsuite xmlns:xsi="http://www.w3.org/2001/XMLSchema-instance" xsi:noNamespaceSchemaLocation="https://maven.apache.org/surefire/maven-surefire-plugin/xsd/surefire-test-report.xsd" name="TestSuite" time="35.36" tests="20" errors="0" skipped="0" failures="0">
  <properties>
[...]
</properties>
  <testcase name="testCreatePost" classname="PostsTests" time="0.345"/>
  <testcase name="testCreatePostInvalidTitle" classname="PostsTests" time="0.208"/>
  <testcase name="testDeleteInvalidPost" classname="PostsTests" time="0.27"/>
  <testcase name="testDeletePost" classname="PostsTests" time="0.25"/>
  <testcase name="testGetAPost" classname="PostsTests" time="0.289"/>
  <testcase name="testGetAllPosts" classname="PostsTests" time="0.508"/>
  <testcase name="testGetAllPostsUsingInvalidLogin" classname="PostsTests" time="0.218"/>
  <testcase name="testGetAnInvalidPost" classname="PostsTests" time="0.268"/>
  <testcase name="testUpdateInvalidPost" classname="PostsTests" time="0.236"/>
  <testcase name="testUpdatePost" classname="PostsTests" time="0.267"/>
  <testcase name="testCreateComment" classname="CommentsTests" time="0.232"/>
  <testcase name="testCreateCommentOnInvalidPost" classname="CommentsTests" time="0.252"/>
  <testcase name="testDeleteComment" classname="CommentsTests" time="0.763"/>
  <testcase name="testDeleteInvalidComment" classname="CommentsTests" time="0.217"/>
  <testcase name="testGetACommentUsingInvalidId" classname="CommentsTests" time="0.284"/>
  <testcase name="testGetACommentbyId" classname="CommentsTests" time="1.216"/>
  <testcase name="testGetAllComments" classname="CommentsTests" time="1.183"/>
  <testcase name="testGetAllCommentsUsingInvalidPost" classname="CommentsTests" time="0.244"/>
  <testcase name="testUpdateCommentById" classname="CommentsTests" time="1.214"/>
  <testcase name="testUpdateInvalidComment" classname="CommentsTests" time="1.15"/>
</testsuite>